0 verbose cli /usr/local/bin/node /usr/local/bin/npm
1 info using npm@10.1.0
2 info using node@v20.9.0
3 timing npm:load:whichnode Completed in 1ms
4 timing config:load:defaults Completed in 1ms
5 timing config:load:file:/usr/local/lib/node_modules/npm/npmrc Completed in 0ms
6 timing config:load:builtin Completed in 0ms
7 timing config:load:cli Completed in 1ms
8 timing config:load:env Completed in 0ms
9 timing config:load:file:/Users/mortonmabumbo/Downloads/testiminony-web1_10-main/.npmrc Completed in 0ms
10 timing config:load:project Completed in 2ms
11 timing config:load:file:/Users/mortonmabumbo/.npmrc Completed in 0ms
12 timing config:load:user Completed in 0ms
13 timing config:load:file:/usr/local/etc/npmrc Completed in 0ms
14 timing config:load:global Completed in 0ms
15 timing config:load:setEnvs Completed in 0ms
16 timing config:load Completed in 4ms
17 timing npm:load:configload Completed in 4ms
18 timing config:load:flatten Completed in 1ms
19 timing npm:load:mkdirpcache Completed in 2ms
20 timing npm:load:mkdirplogs Completed in 0ms
21 verbose title npm install
22 verbose argv "install" "--cache" ".npm-cache" "--prefer-offline"
23 timing npm:load:setTitle Completed in 7ms
24 timing npm:load:display Completed in 1ms
25 verbose logfile logs-max:10 dir:/Users/mortonmabumbo/Downloads/testiminony-web1_10-main/.npm-cache/_logs/2025-11-06T17_49_14_934Z-
26 verbose logfile /Users/mortonmabumbo/Downloads/testiminony-web1_10-main/.npm-cache/_logs/2025-11-06T17_49_14_934Z-debug-0.log
27 timing npm:load:logFile Completed in 5ms
28 timing npm:load:timers Completed in 0ms
29 timing npm:load:configScope Completed in 0ms
30 timing npm:load Completed in 28ms
31 timing arborist:ctor Completed in 0ms
32 silly logfile done cleaning log files
33 timing idealTree:init Completed in 87ms
34 timing idealTree:userRequests Completed in 0ms
35 silly idealTree buildDeps
36 timing idealTree:#root Completed in 0ms
37 silly fetch manifest @tiptap/core@^2.7.0
38 http fetch GET 200 https://registry.npmjs.org/npm 680ms (cache miss)
39 http fetch GET 200 https://registry.npmjs.org/@tiptap%2fcore 1644ms (cache miss)
40 silly fetch manifest @tiptap/pm@^2.7.0
41 http fetch GET 200 https://registry.npmjs.org/@tiptap%2fpm 719ms (cache miss)
42 timing idealTree Completed in 2475ms
43 timing command:install Completed in 2511ms
44 notice
44 notice New [31mmajor[39m version of npm available! [31m10.1.0[39m -> [32m11.6.2[39m
44 notice Changelog: [36mhttps://github.com/npm/cli/releases/tag/v11.6.2[39m
44 notice Run [32mnpm install -g npm@11.6.2[39m to update!
44 notice
45 verbose stack Error: could not resolve
45 verbose stack     at PlaceDep.failPeerConflict (/usr/local/lib/node_modules/npm/node_modules/@npmcli/arborist/lib/place-dep.js:503:25)
45 verbose stack     at new PlaceDep (/usr/local/lib/node_modules/npm/node_modules/@npmcli/arborist/lib/place-dep.js:157:21)
45 verbose stack     at #buildDepStep (/usr/local/lib/node_modules/npm/node_modules/@npmcli/arborist/lib/arborist/build-ideal-tree.js:933:18)
45 verbose stack     at async Arborist.buildIdealTree (/usr/local/lib/node_modules/npm/node_modules/@npmcli/arborist/lib/arborist/build-ideal-tree.js:196:7)
45 verbose stack     at async Promise.all (index 1)
45 verbose stack     at async Arborist.reify (/usr/local/lib/node_modules/npm/node_modules/@npmcli/arborist/lib/arborist/reify.js:159:5)
45 verbose stack     at async Install.exec (/usr/local/lib/node_modules/npm/lib/commands/install.js:151:5)
45 verbose stack     at async module.exports (/usr/local/lib/node_modules/npm/lib/cli-entry.js:61:5)
46 verbose cwd /Users/mortonmabumbo/Downloads/testiminony-web1_10-main
47 verbose Darwin 25.0.0
48 verbose node v20.9.0
49 verbose npm  v10.1.0
50 error code ERESOLVE
51 error ERESOLVE could not resolve
52 error
53 error While resolving: [1m@tiptap/extension-text-align[22m@[1m2.26.3[22m
53 error Found: [1m@tiptap/core[22m@[1m3.7.2[22m[2m[22m
53 error [2mnode_modules/@tiptap/core[22m
53 error   [35mpeer[39m [1m@tiptap/core[22m@"[1m^3.7.2[22m" from [1m@tiptap/extension-blockquote[22m@[1m3.7.2[22m[2m[22m
53 error   [2mnode_modules/@tiptap/extension-blockquote[22m
53 error     [1m@tiptap/extension-blockquote[22m@"[1m^3.7.2[22m" from [1m@tiptap/starter-kit[22m@[1m3.7.2[22m[2m[22m
53 error     [2mnode_modules/@tiptap/starter-kit[22m
53 error       [1m@tiptap/starter-kit[22m@"[1m^3.7.2[22m" from the root project
53 error   [35mpeer[39m [1m@tiptap/core[22m@"[1m^3.7.2[22m" from [1m@tiptap/extension-bold[22m@[1m3.7.2[22m[2m[22m
53 error   [2mnode_modules/@tiptap/extension-bold[22m
53 error     [1m@tiptap/extension-bold[22m@"[1m^3.7.2[22m" from [1m@tiptap/starter-kit[22m@[1m3.7.2[22m[2m[22m
53 error     [2mnode_modules/@tiptap/starter-kit[22m
53 error       [1m@tiptap/starter-kit[22m@"[1m^3.7.2[22m" from the root project
53 error   18 more (@tiptap/extension-bubble-menu, ...)
53 error
53 error Could not resolve dependency:
53 error [35mpeer[39m [1m@tiptap/core[22m@"[1m^2.7.0[22m" from [1m@tiptap/extension-text-align[22m@[1m2.26.3[22m[2m[22m
53 error [2mnode_modules/@tiptap/extension-text-align[22m
53 error   [1m@tiptap/extension-text-align[22m@"[1m^2.26.3[22m" from the root project
53 error
53 error Conflicting peer dependency: [1m@tiptap/core[22m@[1m2.27.1[22m[2m[22m
53 error [2mnode_modules/@tiptap/core[22m
53 error   [35mpeer[39m [1m@tiptap/core[22m@"[1m^2.7.0[22m" from [1m@tiptap/extension-text-align[22m@[1m2.26.3[22m[2m[22m
53 error   [2mnode_modules/@tiptap/extension-text-align[22m
53 error     [1m@tiptap/extension-text-align[22m@"[1m^2.26.3[22m" from the root project
53 error
53 error Fix the upstream dependency conflict, or retry
53 error this command with --force or --legacy-peer-deps
53 error to accept an incorrect (and potentially broken) dependency resolution.
54 error
54 error
54 error For a full report see:
54 error /Users/mortonmabumbo/Downloads/testiminony-web1_10-main/.npm-cache/_logs/2025-11-06T17_49_14_934Z-eresolve-report.txt
55 verbose exit 1
56 timing npm Completed in 2697ms
57 verbose unfinished npm timer reify 1762451355120
58 verbose unfinished npm timer reify:loadTrees 1762451355153
59 verbose unfinished npm timer idealTree:buildDeps 1762451355241
60 verbose unfinished npm timer idealTree:node_modules/@tiptap/extension-text-align 1762451355242
61 verbose code 1
62 error A complete log of this run can be found in: /Users/mortonmabumbo/Downloads/testiminony-web1_10-main/.npm-cache/_logs/2025-11-06T17_49_14_934Z-debug-0.log
